[0.776s] Invoking command in '/home/sysmer/ros2_ws/src/autonomous_rov': PYTHONPATH=/home/sysmer/ros2_ws/build/autonomous_rov/prefix_override:/usr/lib/python3/dist-packages/colcon_core/task/python/colcon_distutils_commands:/home/sysmer/ros2_ws/install/autonomous_rov/lib/python3.10/site-packages:${PYTHONPATH} /usr/bin/python3 -W ignore:setup.py install is deprecated setup.py egg_info --egg-base ../../build/autonomous_rov build --build-base /home/sysmer/ros2_ws/build/autonomous_rov/build install --record /home/sysmer/ros2_ws/build/autonomous_rov/install.log --single-version-externally-managed install_data
[0.993s] running egg_info
[0.994s] writing ../../build/autonomous_rov/autonomous_rov.egg-info/PKG-INFO
[0.996s] writing dependency_links to ../../build/autonomous_rov/autonomous_rov.egg-info/dependency_links.txt
[0.996s] writing entry points to ../../build/autonomous_rov/autonomous_rov.egg-info/entry_points.txt
[0.996s] writing requirements to ../../build/autonomous_rov/autonomous_rov.egg-info/requires.txt
[0.996s] writing top-level names to ../../build/autonomous_rov/autonomous_rov.egg-info/top_level.txt
[0.998s] reading manifest file '../../build/autonomous_rov/autonomous_rov.egg-info/SOURCES.txt'
[0.999s] writing manifest file '../../build/autonomous_rov/autonomous_rov.egg-info/SOURCES.txt'
[0.999s] running build
[0.999s] running build_py
[1.000s] running install
[1.000s] running install_lib
[1.002s] running install_data
[1.002s] copying launch/run_gamepad.launch -> /home/sysmer/ros2_ws/install/autonomous_rov/share/autonomous_rov/launch
[1.003s] copying launch/run_listener_MIR_joy.launch -> /home/sysmer/ros2_ws/install/autonomous_rov/share/autonomous_rov/launch
[1.004s] running install_egg_info
[1.005s] removing '/home/sysmer/ros2_ws/install/autonomous_rov/lib/python3.10/site-packages/autonomous_rov-0.0.0-py3.10.egg-info' (and everything under it)
[1.005s] Copying ../../build/autonomous_rov/autonomous_rov.egg-info to /home/sysmer/ros2_ws/install/autonomous_rov/lib/python3.10/site-packages/autonomous_rov-0.0.0-py3.10.egg-info
[1.006s] running install_scripts
[1.033s] Installing image_processing_tracker script to /home/sysmer/ros2_ws/install/autonomous_rov/lib/autonomous_rov
[1.034s] Installing listenerMIR script to /home/sysmer/ros2_ws/install/autonomous_rov/lib/autonomous_rov
[1.034s] Installing pinger_node script to /home/sysmer/ros2_ws/install/autonomous_rov/lib/autonomous_rov
[1.034s] Installing video script to /home/sysmer/ros2_ws/install/autonomous_rov/lib/autonomous_rov
[1.035s] writing list of installed files to '/home/sysmer/ros2_ws/build/autonomous_rov/install.log'
[1.074s] Invoked command in '/home/sysmer/ros2_ws/src/autonomous_rov' returned '0': PYTHONPATH=/home/sysmer/ros2_ws/build/autonomous_rov/prefix_override:/usr/lib/python3/dist-packages/colcon_core/task/python/colcon_distutils_commands:/home/sysmer/ros2_ws/install/autonomous_rov/lib/python3.10/site-packages:${PYTHONPATH} /usr/bin/python3 -W ignore:setup.py install is deprecated setup.py egg_info --egg-base ../../build/autonomous_rov build --build-base /home/sysmer/ros2_ws/build/autonomous_rov/build install --record /home/sysmer/ros2_ws/build/autonomous_rov/install.log --single-version-externally-managed install_data
