running egg_info
writing ../../build/ping_sonar_ros/ping_sonar_ros.egg-info/PKG-INFO
writing dependency_links to ../../build/ping_sonar_ros/ping_sonar_ros.egg-info/dependency_links.txt
writing entry points to ../../build/ping_sonar_ros/ping_sonar_ros.egg-info/entry_points.txt
writing requirements to ../../build/ping_sonar_ros/ping_sonar_ros.egg-info/requires.txt
writing top-level names to ../../build/ping_sonar_ros/ping_sonar_ros.egg-info/top_level.txt
reading manifest file '../../build/ping_sonar_ros/ping_sonar_ros.egg-info/SOURCES.txt'
adding license file 'LICENSE'
writing manifest file '../../build/ping_sonar_ros/ping_sonar_ros.egg-info/SOURCES.txt'
running build
running build_py
copying ping_sonar_ros/__init__.py -> /home/mir/ros2_ws/build/ping_sonar_ros/build/lib/ping_sonar_ros
copying ping_sonar_ros/ping1d_node.py -> /home/mir/ros2_ws/build/ping_sonar_ros/build/lib/ping_sonar_ros
copying ping_sonar_ros/range_pub_node.py -> /home/mir/ros2_ws/build/ping_sonar_ros/build/lib/ping_sonar_ros
copying ping_sonar_ros/range_pub_component.py -> /home/mir/ros2_ws/build/ping_sonar_ros/build/lib/ping_sonar_ros
copying ping_sonar_ros/ping1d_component.py -> /home/mir/ros2_ws/build/ping_sonar_ros/build/lib/ping_sonar_ros
running install
running install_lib
copying /home/mir/ros2_ws/build/ping_sonar_ros/build/lib/ping_sonar_ros/__init__.py -> /home/mir/ros2_ws/install/ping_sonar_ros/lib/python3.10/site-packages/ping_sonar_ros
copying /home/mir/ros2_ws/build/ping_sonar_ros/build/lib/ping_sonar_ros/ping1d_node.py -> /home/mir/ros2_ws/install/ping_sonar_ros/lib/python3.10/site-packages/ping_sonar_ros
copying /home/mir/ros2_ws/build/ping_sonar_ros/build/lib/ping_sonar_ros/range_pub_node.py -> /home/mir/ros2_ws/install/ping_sonar_ros/lib/python3.10/site-packages/ping_sonar_ros
copying /home/mir/ros2_ws/build/ping_sonar_ros/build/lib/ping_sonar_ros/range_pub_component.py -> /home/mir/ros2_ws/install/ping_sonar_ros/lib/python3.10/site-packages/ping_sonar_ros
copying /home/mir/ros2_ws/build/ping_sonar_ros/build/lib/ping_sonar_ros/ping1d_component.py -> /home/mir/ros2_ws/install/ping_sonar_ros/lib/python3.10/site-packages/ping_sonar_ros
byte-compiling /home/mir/ros2_ws/install/ping_sonar_ros/lib/python3.10/site-packages/ping_sonar_ros/ping1d_component.py to ping1d_component.cpython-310.pyc
running install_data
copying resource/ping_sonar_ros -> /home/mir/ros2_ws/install/ping_sonar_ros/share/ament_index/resource_index/packages
copying package.xml -> /home/mir/ros2_ws/install/ping_sonar_ros/share/ping_sonar_ros
copying rviz/ping_sonar.rviz -> /home/mir/ros2_ws/install/ping_sonar_ros/share/ping_sonar_ros/rviz/
running install_egg_info
removing '/home/mir/ros2_ws/install/ping_sonar_ros/lib/python3.10/site-packages/ping_sonar_ros-0.0.0-py3.10.egg-info' (and everything under it)
Copying ../../build/ping_sonar_ros/ping_sonar_ros.egg-info to /home/mir/ros2_ws/install/ping_sonar_ros/lib/python3.10/site-packages/ping_sonar_ros-0.0.0-py3.10.egg-info
running install_scripts
Installing ping1d_node script to /home/mir/ros2_ws/install/ping_sonar_ros/lib/ping_sonar_ros
Installing range_node script to /home/mir/ros2_ws/install/ping_sonar_ros/lib/ping_sonar_ros
writing list of installed files to '/home/mir/ros2_ws/build/ping_sonar_ros/install.log'
