[0.774s] Invoking command in '/home/mir/ros2_ws/src/autonomous_rov': PYTHONPATH=/home/mir/ros2_ws/build/autonomous_rov/prefix_override:/usr/lib/python3/dist-packages/colcon_core/task/python/colcon_distutils_commands:/home/mir/ros2_ws/install/autonomous_rov/lib/python3.10/site-packages:${PYTHONPATH} /usr/bin/python3 -W ignore:setup.py install is deprecated setup.py egg_info --egg-base ../../build/autonomous_rov build --build-base /home/mir/ros2_ws/build/autonomous_rov/build install --record /home/mir/ros2_ws/build/autonomous_rov/install.log --single-version-externally-managed install_data
[1.018s] running egg_info
[1.019s] writing ../../build/autonomous_rov/autonomous_rov.egg-info/PKG-INFO
[1.020s] writing dependency_links to ../../build/autonomous_rov/autonomous_rov.egg-info/dependency_links.txt
[1.020s] writing entry points to ../../build/autonomous_rov/autonomous_rov.egg-info/entry_points.txt
[1.020s] writing requirements to ../../build/autonomous_rov/autonomous_rov.egg-info/requires.txt
[1.021s] writing top-level names to ../../build/autonomous_rov/autonomous_rov.egg-info/top_level.txt
[1.022s] reading manifest file '../../build/autonomous_rov/autonomous_rov.egg-info/SOURCES.txt'
[1.024s] writing manifest file '../../build/autonomous_rov/autonomous_rov.egg-info/SOURCES.txt'
[1.024s] running build
[1.024s] running build_py
[1.024s] copying autonomous_rov/listenerMIR.py -> /home/mir/ros2_ws/build/autonomous_rov/build/lib/autonomous_rov
[1.025s] running install
[1.025s] running install_lib
[1.026s] copying /home/mir/ros2_ws/build/autonomous_rov/build/lib/autonomous_rov/listenerMIR.py -> /home/mir/ros2_ws/install/autonomous_rov/lib/python3.10/site-packages/autonomous_rov
[1.027s] byte-compiling /home/mir/ros2_ws/install/autonomous_rov/lib/python3.10/site-packages/autonomous_rov/listenerMIR.py to listenerMIR.cpython-310.pyc
[1.030s] Sorry: TabError: inconsistent use of tabs and spaces in indentation (listenerMIR.py, line 354)
[1.031s] running install_data
[1.031s] running install_egg_info
[1.033s] removing '/home/mir/ros2_ws/install/autonomous_rov/lib/python3.10/site-packages/autonomous_rov-0.0.0-py3.10.egg-info' (and everything under it)
[1.034s] Copying ../../build/autonomous_rov/autonomous_rov.egg-info to /home/mir/ros2_ws/install/autonomous_rov/lib/python3.10/site-packages/autonomous_rov-0.0.0-py3.10.egg-info
[1.034s] running install_scripts
[1.060s] Installing image_processing_tracker script to /home/mir/ros2_ws/install/autonomous_rov/lib/autonomous_rov
[1.060s] Installing listenerMIR script to /home/mir/ros2_ws/install/autonomous_rov/lib/autonomous_rov
[1.060s] Installing pinger_node script to /home/mir/ros2_ws/install/autonomous_rov/lib/autonomous_rov
[1.060s] Installing video script to /home/mir/ros2_ws/install/autonomous_rov/lib/autonomous_rov
[1.061s] writing list of installed files to '/home/mir/ros2_ws/build/autonomous_rov/install.log'
[1.086s] Invoked command in '/home/mir/ros2_ws/src/autonomous_rov' returned '0': PYTHONPATH=/home/mir/ros2_ws/build/autonomous_rov/prefix_override:/usr/lib/python3/dist-packages/colcon_core/task/python/colcon_distutils_commands:/home/mir/ros2_ws/install/autonomous_rov/lib/python3.10/site-packages:${PYTHONPATH} /usr/bin/python3 -W ignore:setup.py install is deprecated setup.py egg_info --egg-base ../../build/autonomous_rov build --build-base /home/mir/ros2_ws/build/autonomous_rov/build install --record /home/mir/ros2_ws/build/autonomous_rov/install.log --single-version-externally-managed install_data
