[0.103s] DEBUG:colcon:Command line arguments: ['/usr/bin/colcon', 'build']
[0.103s] DEBUG:colcon:Parsed command line arguments: Namespace(log_base=None, log_level=None, verb_name='build', build_base='build', install_base='install', merge_install=False, symlink_install=False, test_result_base=None, continue_on_error=False, executor='parallel', parallel_workers=8, event_handlers=None, ignore_user_meta=False, metas=['./colcon.meta'], base_paths=['.'], packages_ignore=None, packages_ignore_regex=None, paths=None, packages_up_to=None, packages_up_to_regex=None, packages_above=None, packages_above_and_dependencies=None, packages_above_depth=None, packages_select_by_dep=None, packages_skip_by_dep=None, packages_skip_up_to=None, packages_select_build_failed=False, packages_skip_build_finished=False, packages_select_test_failures=False, packages_skip_test_passed=False, packages_select=None, packages_skip=None, packages_select_regex=None, packages_skip_regex=None, packages_start=None, packages_end=None, allow_overriding=[], cmake_args=None, cmake_target=None, cmake_target_skip_unavailable=False, cmake_clean_cache=False, cmake_clean_first=False, cmake_force_configure=False, ament_cmake_args=None, catkin_cmake_args=None, catkin_skip_building_tests=False, mixin_files=None, mixin=None, verb_parser=<colcon_mixin.mixin.mixin_argument.MixinArgumentDecorator object at 0x7aa59fe04c70>, verb_extension=<colcon_core.verb.build.BuildVerb object at 0x7aa59ff09540>, main=<bound method BuildVerb.main of <colcon_core.verb.build.BuildVerb object at 0x7aa59ff09540>>, mixin_verb=('build',))
[0.134s] Level 1:colcon.colcon_core.package_discovery:discover_packages(colcon_meta) check parameters
[0.134s] Level 1:colcon.colcon_core.package_discovery:discover_packages(recursive) check parameters
[0.134s] Level 1:colcon.colcon_core.package_discovery:discover_packages(ignore) check parameters
[0.134s] Level 1:colcon.colcon_core.package_discovery:discover_packages(path) check parameters
[0.134s] Level 1:colcon.colcon_core.package_discovery:discover_packages(colcon_meta) discover
[0.134s] Level 1:colcon.colcon_core.package_discovery:discover_packages(recursive) discover
[0.135s] INFO:colcon.colcon_core.package_discovery:Crawling recursively for packages in '/home/vincent/ros2_ws/src/autonomous_rov'
[0.135s] Level 1:colcon.colcon_core.package_identification:_identify(.) by extensions ['ignore', 'ignore_ament_install']
[0.135s] Level 1:colcon.colcon_core.package_identification:_identify(.) by extension 'ignore'
[0.135s] Level 1:colcon.colcon_core.package_identification:_identify(.) by extension 'ignore_ament_install'
[0.135s] Level 1:colcon.colcon_core.package_identification:_identify(.) by extensions ['colcon_pkg']
[0.135s] Level 1:colcon.colcon_core.package_identification:_identify(.) by extension 'colcon_pkg'
[0.135s] Level 1:colcon.colcon_core.package_identification:_identify(.) by extensions ['colcon_meta']
[0.135s] Level 1:colcon.colcon_core.package_identification:_identify(.) by extension 'colcon_meta'
[0.135s] Level 1:colcon.colcon_core.package_identification:_identify(.) by extensions ['ros']
[0.135s] Level 1:colcon.colcon_core.package_identification:_identify(.) by extension 'ros'
[0.148s] DEBUG:colcon.colcon_core.package_identification:Package '.' with type 'ros.ament_python' and name 'autonomous_rov'
[0.148s] Level 1:colcon.colcon_core.package_discovery:discover_packages(recursive) using defaults
[0.148s] Level 1:colcon.colcon_core.package_discovery:discover_packages(ignore) discover
[0.148s] Level 1:colcon.colcon_core.package_discovery:discover_packages(ignore) using defaults
[0.148s] Level 1:colcon.colcon_core.package_discovery:discover_packages(path) discover
[0.148s] Level 1:colcon.colcon_core.package_discovery:discover_packages(path) using defaults
[0.164s] Level 1:colcon.colcon_core.package_discovery:discover_packages(prefix_path) check parameters
[0.164s] Level 1:colcon.colcon_core.package_discovery:discover_packages(prefix_path) discover
[0.165s] DEBUG:colcon.colcon_installed_package_information.package_discovery:Found 1 installed packages in /home/vincent/ros2_ws/src/install
[0.166s] DEBUG:colcon.colcon_installed_package_information.package_discovery:Found 215 installed packages in /opt/ros/iron
[0.167s] Level 1:colcon.colcon_core.package_discovery:discover_packages(prefix_path) using defaults
[0.190s] Level 5:colcon.colcon_core.verb:set package 'autonomous_rov' build argument 'cmake_args' from command line to 'None'
[0.190s] Level 5:colcon.colcon_core.verb:set package 'autonomous_rov' build argument 'cmake_target' from command line to 'None'
[0.190s] Level 5:colcon.colcon_core.verb:set package 'autonomous_rov' build argument 'cmake_target_skip_unavailable' from command line to 'False'
[0.190s] Level 5:colcon.colcon_core.verb:set package 'autonomous_rov' build argument 'cmake_clean_cache' from command line to 'False'
[0.190s] Level 5:colcon.colcon_core.verb:set package 'autonomous_rov' build argument 'cmake_clean_first' from command line to 'False'
[0.190s] Level 5:colcon.colcon_core.verb:set package 'autonomous_rov' build argument 'cmake_force_configure' from command line to 'False'
[0.190s] Level 5:colcon.colcon_core.verb:set package 'autonomous_rov' build argument 'ament_cmake_args' from command line to 'None'
[0.190s] Level 5:colcon.colcon_core.verb:set package 'autonomous_rov' build argument 'catkin_cmake_args' from command line to 'None'
[0.190s] Level 5:colcon.colcon_core.verb:set package 'autonomous_rov' build argument 'catkin_skip_building_tests' from command line to 'False'
[0.190s] DEBUG:colcon.colcon_core.verb:Building package 'autonomous_rov' with the following arguments: {'ament_cmake_args': None, 'build_base': '/home/vincent/ros2_ws/src/autonomous_rov/build/autonomous_rov', 'catkin_cmake_args': None, 'catkin_skip_building_tests': False, 'cmake_args': None, 'cmake_clean_cache': False, 'cmake_clean_first': False, 'cmake_force_configure': False, 'cmake_target': None, 'cmake_target_skip_unavailable': False, 'install_base': '/home/vincent/ros2_ws/src/autonomous_rov/install/autonomous_rov', 'merge_install': False, 'path': '/home/vincent/ros2_ws/src/autonomous_rov', 'symlink_install': False, 'test_result_base': None}
[0.191s] INFO:colcon.colcon_core.executor:Executing jobs using 'parallel' executor
[0.191s] DEBUG:colcon.colcon_parallel_executor.executor.parallel:run_until_complete
[0.191s] INFO:colcon.colcon_ros.task.ament_python.build:Building ROS package in '/home/vincent/ros2_ws/src/autonomous_rov' with build type 'ament_python'
[0.191s] Level 1:colcon.colcon_core.shell:create_environment_hook('autonomous_rov', 'ament_prefix_path')
[0.193s] INFO:colcon.colcon_core.plugin_system:Skipping extension 'colcon_core.shell.bat': Not used on non-Windows systems
[0.193s] INFO:colcon.colcon_core.shell:Creating environment hook '/home/vincent/ros2_ws/src/autonomous_rov/install/autonomous_rov/share/autonomous_rov/hook/ament_prefix_path.ps1'
[0.194s] INFO:colcon.colcon_core.shell:Creating environment descriptor '/home/vincent/ros2_ws/src/autonomous_rov/install/autonomous_rov/share/autonomous_rov/hook/ament_prefix_path.dsv'
[0.194s] INFO:colcon.colcon_core.shell:Creating environment hook '/home/vincent/ros2_ws/src/autonomous_rov/install/autonomous_rov/share/autonomous_rov/hook/ament_prefix_path.sh'
[0.194s] INFO:colcon.colcon_core.shell:Skip shell extension 'powershell' for command environment: Not usable outside of PowerShell
[0.194s] DEBUG:colcon.colcon_core.shell:Skip shell extension 'dsv' for command environment
[0.357s] INFO:colcon.colcon_core.task.python.build:Building Python package in '/home/vincent/ros2_ws/src/autonomous_rov'
[0.358s] INFO:colcon.colcon_core.shell:Skip shell extension 'powershell' for command environment: Not usable outside of PowerShell
[0.358s] DEBUG:colcon.colcon_core.shell:Skip shell extension 'dsv' for command environment
[0.772s] DEBUG:colcon.colcon_core.event_handler.log_command:Invoking command in '/home/vincent/ros2_ws/src/autonomous_rov': PYTHONPATH=/home/vincent/ros2_ws/src/autonomous_rov/build/autonomous_rov/prefix_override:/home/vincent/ros2_ws/src/autonomous_rov/install/autonomous_rov/lib/python3.10/site-packages:${PYTHONPATH} /usr/bin/python3 -W ignore:setup.py install is deprecated setup.py egg_info --egg-base build/autonomous_rov build --build-base /home/vincent/ros2_ws/src/autonomous_rov/build/autonomous_rov/build install --record /home/vincent/ros2_ws/src/autonomous_rov/build/autonomous_rov/install.log --single-version-externally-managed install_data
[1.170s] DEBUG:colcon.colcon_core.event_handler.log_command:Invoked command in '/home/vincent/ros2_ws/src/autonomous_rov' returned '0': PYTHONPATH=/home/vincent/ros2_ws/src/autonomous_rov/build/autonomous_rov/prefix_override:/home/vincent/ros2_ws/src/autonomous_rov/install/autonomous_rov/lib/python3.10/site-packages:${PYTHONPATH} /usr/bin/python3 -W ignore:setup.py install is deprecated setup.py egg_info --egg-base build/autonomous_rov build --build-base /home/vincent/ros2_ws/src/autonomous_rov/build/autonomous_rov/build install --record /home/vincent/ros2_ws/src/autonomous_rov/build/autonomous_rov/install.log --single-version-externally-managed install_data
[1.172s] Level 1:colcon.colcon_core.environment:checking '/home/vincent/ros2_ws/src/autonomous_rov/install/autonomous_rov' for CMake module files
[1.172s] Level 1:colcon.colcon_core.environment:checking '/home/vincent/ros2_ws/src/autonomous_rov/install/autonomous_rov' for CMake config files
[1.173s] Level 1:colcon.colcon_core.environment:checking '/home/vincent/ros2_ws/src/autonomous_rov/install/autonomous_rov/lib'
[1.173s] Level 1:colcon.colcon_core.environment:checking '/home/vincent/ros2_ws/src/autonomous_rov/install/autonomous_rov/bin'
[1.173s] Level 1:colcon.colcon_core.environment:checking '/home/vincent/ros2_ws/src/autonomous_rov/install/autonomous_rov/lib/pkgconfig/autonomous_rov.pc'
[1.174s] Level 1:colcon.colcon_core.environment:checking '/home/vincent/ros2_ws/src/autonomous_rov/install/autonomous_rov/lib/python3.10/site-packages'
[1.174s] Level 1:colcon.colcon_core.shell:create_environment_hook('autonomous_rov', 'pythonpath')
[1.174s] INFO:colcon.colcon_core.shell:Creating environment hook '/home/vincent/ros2_ws/src/autonomous_rov/install/autonomous_rov/share/autonomous_rov/hook/pythonpath.ps1'
[1.174s] INFO:colcon.colcon_core.shell:Creating environment descriptor '/home/vincent/ros2_ws/src/autonomous_rov/install/autonomous_rov/share/autonomous_rov/hook/pythonpath.dsv'
[1.174s] INFO:colcon.colcon_core.shell:Creating environment hook '/home/vincent/ros2_ws/src/autonomous_rov/install/autonomous_rov/share/autonomous_rov/hook/pythonpath.sh'
[1.175s] Level 1:colcon.colcon_core.environment:checking '/home/vincent/ros2_ws/src/autonomous_rov/install/autonomous_rov/bin'
[1.175s] Level 1:colcon.colcon_core.environment:create_environment_scripts_only(autonomous_rov)
[1.175s] INFO:colcon.colcon_core.shell:Creating package script '/home/vincent/ros2_ws/src/autonomous_rov/install/autonomous_rov/share/autonomous_rov/package.ps1'
[1.176s] INFO:colcon.colcon_core.shell:Creating package descriptor '/home/vincent/ros2_ws/src/autonomous_rov/install/autonomous_rov/share/autonomous_rov/package.dsv'
[1.176s] INFO:colcon.colcon_core.shell:Creating package script '/home/vincent/ros2_ws/src/autonomous_rov/install/autonomous_rov/share/autonomous_rov/package.sh'
[1.177s] INFO:colcon.colcon_core.shell:Creating package script '/home/vincent/ros2_ws/src/autonomous_rov/install/autonomous_rov/share/autonomous_rov/package.bash'
[1.178s] INFO:colcon.colcon_core.shell:Creating package script '/home/vincent/ros2_ws/src/autonomous_rov/install/autonomous_rov/share/autonomous_rov/package.zsh'
[1.178s] Level 1:colcon.colcon_core.environment:create_file_with_runtime_dependencies(/home/vincent/ros2_ws/src/autonomous_rov/install/autonomous_rov/share/colcon-core/packages/autonomous_rov)
[1.178s] DEBUG:colcon.colcon_parallel_executor.executor.parallel:closing loop
[1.179s] DEBUG:colcon.colcon_parallel_executor.executor.parallel:loop closed
[1.179s] DEBUG:colcon.colcon_parallel_executor.executor.parallel:run_until_complete finished with '0'
[1.179s] DEBUG:colcon.colcon_core.event_reactor:joining thread
[1.184s] INFO:colcon.colcon_core.plugin_system:Skipping extension 'colcon_notification.desktop_notification.terminal_notifier': Not used on non-Darwin systems
[1.184s] INFO:colcon.colcon_core.plugin_system:Skipping extension 'colcon_notification.desktop_notification.win32': Not used on non-Windows systems
[1.184s] INFO:colcon.colcon_notification.desktop_notification:Sending desktop notification using 'notify2'
[1.194s] DEBUG:colcon.colcon_core.event_reactor:joined thread
[1.194s] INFO:colcon.colcon_core.shell:Creating prefix script '/home/vincent/ros2_ws/src/autonomous_rov/install/local_setup.ps1'
[1.195s] INFO:colcon.colcon_core.shell:Creating prefix util module '/home/vincent/ros2_ws/src/autonomous_rov/install/_local_setup_util_ps1.py'
[1.196s] INFO:colcon.colcon_core.shell:Creating prefix chain script '/home/vincent/ros2_ws/src/autonomous_rov/install/setup.ps1'
[1.197s] INFO:colcon.colcon_core.shell:Creating prefix script '/home/vincent/ros2_ws/src/autonomous_rov/install/local_setup.sh'
[1.197s] INFO:colcon.colcon_core.shell:Creating prefix util module '/home/vincent/ros2_ws/src/autonomous_rov/install/_local_setup_util_sh.py'
[1.198s] INFO:colcon.colcon_core.shell:Creating prefix chain script '/home/vincent/ros2_ws/src/autonomous_rov/install/setup.sh'
[1.199s] INFO:colcon.colcon_core.shell:Creating prefix script '/home/vincent/ros2_ws/src/autonomous_rov/install/local_setup.bash'
[1.199s] INFO:colcon.colcon_core.shell:Creating prefix chain script '/home/vincent/ros2_ws/src/autonomous_rov/install/setup.bash'
[1.200s] INFO:colcon.colcon_core.shell:Creating prefix script '/home/vincent/ros2_ws/src/autonomous_rov/install/local_setup.zsh'
[1.200s] INFO:colcon.colcon_core.shell:Creating prefix chain script '/home/vincent/ros2_ws/src/autonomous_rov/install/setup.zsh'
