[1.599s] Invoking command in '/home/mir/ros2_ws/src/ping_sonar_ros-master': PYTHONPATH=/home/mir/ros2_ws/build/ping_sonar_ros/prefix_override:/usr/lib/python3/dist-packages/colcon_core/task/python/colcon_distutils_commands:/home/mir/ros2_ws/install/ping_sonar_ros/lib/python3.10/site-packages:${PYTHONPATH} /usr/bin/python3 -W ignore:setup.py install is deprecated setup.py egg_info --egg-base ../../build/ping_sonar_ros build --build-base /home/mir/ros2_ws/build/ping_sonar_ros/build install --record /home/mir/ros2_ws/build/ping_sonar_ros/install.log --single-version-externally-managed install_data
[2.335s] running egg_info
[2.337s] writing ../../build/ping_sonar_ros/ping_sonar_ros.egg-info/PKG-INFO
[2.337s] writing dependency_links to ../../build/ping_sonar_ros/ping_sonar_ros.egg-info/dependency_links.txt
[2.337s] writing entry points to ../../build/ping_sonar_ros/ping_sonar_ros.egg-info/entry_points.txt
[2.338s] writing requirements to ../../build/ping_sonar_ros/ping_sonar_ros.egg-info/requires.txt
[2.338s] writing top-level names to ../../build/ping_sonar_ros/ping_sonar_ros.egg-info/top_level.txt
[2.344s] reading manifest file '../../build/ping_sonar_ros/ping_sonar_ros.egg-info/SOURCES.txt'
[2.345s] adding license file 'LICENSE'
[2.347s] writing manifest file '../../build/ping_sonar_ros/ping_sonar_ros.egg-info/SOURCES.txt'
[2.347s] running build
[2.347s] running build_py
[2.350s] running install
[2.351s] running install_lib
[2.355s] running install_data
[2.356s] running install_egg_info
[2.361s] removing '/home/mir/ros2_ws/install/ping_sonar_ros/lib/python3.10/site-packages/ping_sonar_ros-0.0.0-py3.10.egg-info' (and everything under it)
[2.362s] Copying ../../build/ping_sonar_ros/ping_sonar_ros.egg-info to /home/mir/ros2_ws/install/ping_sonar_ros/lib/python3.10/site-packages/ping_sonar_ros-0.0.0-py3.10.egg-info
[2.365s] running install_scripts
[2.421s] Installing ping1d_node script to /home/mir/ros2_ws/install/ping_sonar_ros/lib/ping_sonar_ros
[2.421s] Installing range_node script to /home/mir/ros2_ws/install/ping_sonar_ros/lib/ping_sonar_ros
[2.423s] writing list of installed files to '/home/mir/ros2_ws/build/ping_sonar_ros/install.log'
[2.487s] Invoked command in '/home/mir/ros2_ws/src/ping_sonar_ros-master' returned '0': PYTHONPATH=/home/mir/ros2_ws/build/ping_sonar_ros/prefix_override:/usr/lib/python3/dist-packages/colcon_core/task/python/colcon_distutils_commands:/home/mir/ros2_ws/install/ping_sonar_ros/lib/python3.10/site-packages:${PYTHONPATH} /usr/bin/python3 -W ignore:setup.py install is deprecated setup.py egg_info --egg-base ../../build/ping_sonar_ros build --build-base /home/mir/ros2_ws/build/ping_sonar_ros/build install --record /home/mir/ros2_ws/build/ping_sonar_ros/install.log --single-version-externally-managed install_data
