[2.090s] Invoking command in '/home/mir/ros2_ws/src/autonomous_rov': PYTHONPATH=/home/mir/ros2_ws/build/autonomous_rov/prefix_override:/usr/lib/python3/dist-packages/colcon_core/task/python/colcon_distutils_commands:/home/mir/ros2_ws/install/autonomous_rov/lib/python3.10/site-packages:${PYTHONPATH} /usr/bin/python3 -W ignore:setup.py install is deprecated setup.py egg_info --egg-base ../../build/autonomous_rov build --build-base /home/mir/ros2_ws/build/autonomous_rov/build install --record /home/mir/ros2_ws/build/autonomous_rov/install.log --single-version-externally-managed install_data
[2.544s] running egg_info
[2.544s] writing ../../build/autonomous_rov/autonomous_rov.egg-info/PKG-INFO
[2.544s] writing dependency_links to ../../build/autonomous_rov/autonomous_rov.egg-info/dependency_links.txt
[2.545s] writing entry points to ../../build/autonomous_rov/autonomous_rov.egg-info/entry_points.txt
[2.545s] writing requirements to ../../build/autonomous_rov/autonomous_rov.egg-info/requires.txt
[2.545s] writing top-level names to ../../build/autonomous_rov/autonomous_rov.egg-info/top_level.txt
[2.545s] reading manifest file '../../build/autonomous_rov/autonomous_rov.egg-info/SOURCES.txt'
[2.545s] writing manifest file '../../build/autonomous_rov/autonomous_rov.egg-info/SOURCES.txt'
[2.546s] running build
[2.546s] running build_py
[2.546s] copying autonomous_rov/listenerMIR.py -> /home/mir/ros2_ws/build/autonomous_rov/build/lib/autonomous_rov
[2.548s] running install
[2.548s] running install_lib
[2.551s] copying /home/mir/ros2_ws/build/autonomous_rov/build/lib/autonomous_rov/listenerMIR.py -> /home/mir/ros2_ws/install/autonomous_rov/lib/python3.10/site-packages/autonomous_rov
[2.552s] byte-compiling /home/mir/ros2_ws/install/autonomous_rov/lib/python3.10/site-packages/autonomous_rov/listenerMIR.py to listenerMIR.cpython-310.pyc
[2.559s] running install_data
[2.562s] running install_egg_info
[2.564s] removing '/home/mir/ros2_ws/install/autonomous_rov/lib/python3.10/site-packages/autonomous_rov-0.0.0-py3.10.egg-info' (and everything under it)
[2.564s] Copying ../../build/autonomous_rov/autonomous_rov.egg-info to /home/mir/ros2_ws/install/autonomous_rov/lib/python3.10/site-packages/autonomous_rov-0.0.0-py3.10.egg-info
[2.566s] running install_scripts
[2.606s] Installing image_processing_tracker script to /home/mir/ros2_ws/install/autonomous_rov/lib/autonomous_rov
[2.607s] Installing listenerMIR script to /home/mir/ros2_ws/install/autonomous_rov/lib/autonomous_rov
[2.607s] Installing pinger_node script to /home/mir/ros2_ws/install/autonomous_rov/lib/autonomous_rov
[2.607s] Installing video script to /home/mir/ros2_ws/install/autonomous_rov/lib/autonomous_rov
[2.609s] writing list of installed files to '/home/mir/ros2_ws/build/autonomous_rov/install.log'
[2.664s] Invoked command in '/home/mir/ros2_ws/src/autonomous_rov' returned '0': PYTHONPATH=/home/mir/ros2_ws/build/autonomous_rov/prefix_override:/usr/lib/python3/dist-packages/colcon_core/task/python/colcon_distutils_commands:/home/mir/ros2_ws/install/autonomous_rov/lib/python3.10/site-packages:${PYTHONPATH} /usr/bin/python3 -W ignore:setup.py install is deprecated setup.py egg_info --egg-base ../../build/autonomous_rov build --build-base /home/mir/ros2_ws/build/autonomous_rov/build install --record /home/mir/ros2_ws/build/autonomous_rov/install.log --single-version-externally-managed install_data
