running egg_info
writing ../../build/ping_sonar_ros/ping_sonar_ros.egg-info/PKG-INFO
writing dependency_links to ../../build/ping_sonar_ros/ping_sonar_ros.egg-info/dependency_links.txt
writing entry points to ../../build/ping_sonar_ros/ping_sonar_ros.egg-info/entry_points.txt
writing requirements to ../../build/ping_sonar_ros/ping_sonar_ros.egg-info/requires.txt
writing top-level names to ../../build/ping_sonar_ros/ping_sonar_ros.egg-info/top_level.txt
reading manifest file '../../build/ping_sonar_ros/ping_sonar_ros.egg-info/SOURCES.txt'
adding license file 'LICENSE'
writing manifest file '../../build/ping_sonar_ros/ping_sonar_ros.egg-info/SOURCES.txt'
running build
running build_py
running install
running install_lib
running install_data
running install_egg_info
removing '/home/sysmer/ros2_ws/install/ping_sonar_ros/lib/python3.10/site-packages/ping_sonar_ros-0.0.0-py3.10.egg-info' (and everything under it)
Copying ../../build/ping_sonar_ros/ping_sonar_ros.egg-info to /home/sysmer/ros2_ws/install/ping_sonar_ros/lib/python3.10/site-packages/ping_sonar_ros-0.0.0-py3.10.egg-info
running install_scripts
Installing ping1d_node script to /home/sysmer/ros2_ws/install/ping_sonar_ros/lib/ping_sonar_ros
Installing range_node script to /home/sysmer/ros2_ws/install/ping_sonar_ros/lib/ping_sonar_ros
writing list of installed files to '/home/sysmer/ros2_ws/build/ping_sonar_ros/install.log'
