[2.002s] Invoking command in '/home/mir/ros2_ws/src/ping_sonar_ros-master': PYTHONPATH=/home/mir/ros2_ws/build/ping_sonar_ros/prefix_override:/usr/lib/python3/dist-packages/colcon_core/task/python/colcon_distutils_commands:/home/mir/ros2_ws/install/ping_sonar_ros/lib/python3.10/site-packages:${PYTHONPATH} /usr/bin/python3 -W ignore:setup.py install is deprecated setup.py egg_info --egg-base ../../build/ping_sonar_ros build --build-base /home/mir/ros2_ws/build/ping_sonar_ros/build install --record /home/mir/ros2_ws/build/ping_sonar_ros/install.log --single-version-externally-managed install_data
[2.527s] running egg_info
[2.529s] writing ../../build/ping_sonar_ros/ping_sonar_ros.egg-info/PKG-INFO
[2.531s] writing dependency_links to ../../build/ping_sonar_ros/ping_sonar_ros.egg-info/dependency_links.txt
[2.532s] writing entry points to ../../build/ping_sonar_ros/ping_sonar_ros.egg-info/entry_points.txt
[2.532s] writing requirements to ../../build/ping_sonar_ros/ping_sonar_ros.egg-info/requires.txt
[2.532s] writing top-level names to ../../build/ping_sonar_ros/ping_sonar_ros.egg-info/top_level.txt
[2.539s] reading manifest file '../../build/ping_sonar_ros/ping_sonar_ros.egg-info/SOURCES.txt'
[2.539s] adding license file 'LICENSE'
[2.540s] writing manifest file '../../build/ping_sonar_ros/ping_sonar_ros.egg-info/SOURCES.txt'
[2.540s] running build
[2.540s] running build_py
[2.543s] running install
[2.544s] running install_lib
[2.551s] running install_data
[2.552s] running install_egg_info
[2.557s] removing '/home/mir/ros2_ws/install/ping_sonar_ros/lib/python3.10/site-packages/ping_sonar_ros-0.0.0-py3.10.egg-info' (and everything under it)
[2.557s] Copying ../../build/ping_sonar_ros/ping_sonar_ros.egg-info to /home/mir/ros2_ws/install/ping_sonar_ros/lib/python3.10/site-packages/ping_sonar_ros-0.0.0-py3.10.egg-info
[2.571s] running install_scripts
[2.601s] Installing ping1d_node script to /home/mir/ros2_ws/install/ping_sonar_ros/lib/ping_sonar_ros
[2.601s] Installing range_node script to /home/mir/ros2_ws/install/ping_sonar_ros/lib/ping_sonar_ros
[2.602s] writing list of installed files to '/home/mir/ros2_ws/build/ping_sonar_ros/install.log'
[2.657s] Invoked command in '/home/mir/ros2_ws/src/ping_sonar_ros-master' returned '0': PYTHONPATH=/home/mir/ros2_ws/build/ping_sonar_ros/prefix_override:/usr/lib/python3/dist-packages/colcon_core/task/python/colcon_distutils_commands:/home/mir/ros2_ws/install/ping_sonar_ros/lib/python3.10/site-packages:${PYTHONPATH} /usr/bin/python3 -W ignore:setup.py install is deprecated setup.py egg_info --egg-base ../../build/ping_sonar_ros build --build-base /home/mir/ros2_ws/build/ping_sonar_ros/build install --record /home/mir/ros2_ws/build/ping_sonar_ros/install.log --single-version-externally-managed install_data
