[2.242s] Invoking command in '/home/mir/ros2_ws/build/ping_sonar_ros': PYTHONPATH=/home/mir/ros2_ws/build/ping_sonar_ros/prefix_override:/usr/lib/python3/dist-packages/colcon_core/task/python/colcon_distutils_commands:/home/mir/ros2_ws/install/ping_sonar_ros/lib/python3.10/site-packages:${PYTHONPATH} /usr/bin/python3 -W ignore:setup.py install is deprecated setup.py develop --editable --build-directory /home/mir/ros2_ws/build/ping_sonar_ros/build --no-deps symlink_data --force
[2.772s] running develop
[2.773s] /usr/lib/python3/dist-packages/setuptools/command/easy_install.py:158: EasyInstallDeprecationWarning: easy_install command is deprecated. Use build and pip and other standards-based tools.
[2.773s]   warnings.warn(
[3.106s] running egg_info
[3.106s] writing ping_sonar_ros.egg-info/PKG-INFO
[3.106s] writing dependency_links to ping_sonar_ros.egg-info/dependency_links.txt
[3.108s] writing entry points to ping_sonar_ros.egg-info/entry_points.txt
[3.108s] writing requirements to ping_sonar_ros.egg-info/requires.txt
[3.108s] writing top-level names to ping_sonar_ros.egg-info/top_level.txt
[3.111s] reading manifest file 'ping_sonar_ros.egg-info/SOURCES.txt'
[3.113s] writing manifest file 'ping_sonar_ros.egg-info/SOURCES.txt'
[3.115s] running build_ext
[3.116s] Creating /home/mir/ros2_ws/install/ping_sonar_ros/lib/python3.10/site-packages/ping-sonar-ros.egg-link (link to .)
[3.118s] Installing ping1d_node script to /home/mir/ros2_ws/install/ping_sonar_ros/lib/ping_sonar_ros
[3.119s] Installing range_node script to /home/mir/ros2_ws/install/ping_sonar_ros/lib/ping_sonar_ros
[3.119s] 
[3.119s] Installed /home/mir/ros2_ws/build/ping_sonar_ros
[3.119s] running symlink_data
[3.121s] symbolically linking /home/mir/ros2_ws/build/ping_sonar_ros/resource/ping_sonar_ros -> /home/mir/ros2_ws/install/ping_sonar_ros/share/ament_index/resource_index/packages
[3.122s] symbolically linking /home/mir/ros2_ws/build/ping_sonar_ros/package.xml -> /home/mir/ros2_ws/install/ping_sonar_ros/share/ping_sonar_ros
[3.122s] symbolically linking /home/mir/ros2_ws/build/ping_sonar_ros/launch/run_pinger.launch -> /home/mir/ros2_ws/install/ping_sonar_ros/share/ping_sonar_ros/launch/
[3.122s] symbolically linking /home/mir/ros2_ws/build/ping_sonar_ros/launch/ping_sonar.launch.py -> /home/mir/ros2_ws/install/ping_sonar_ros/share/ping_sonar_ros/launch/
[3.122s] symbolically linking /home/mir/ros2_ws/build/ping_sonar_ros/launch/run_pinger.launch -> /home/mir/ros2_ws/install/ping_sonar_ros/share/ping_sonar_ros/launch/
[3.122s] symbolically linking /home/mir/ros2_ws/build/ping_sonar_ros/launch/ping_sonar.launch.py -> /home/mir/ros2_ws/install/ping_sonar_ros/share/ping_sonar_ros/launch/
[3.122s] symbolically linking /home/mir/ros2_ws/build/ping_sonar_ros/rviz/ping_sonar.rviz -> /home/mir/ros2_ws/install/ping_sonar_ros/share/ping_sonar_ros/rviz/
[3.185s] Invoked command in '/home/mir/ros2_ws/build/ping_sonar_ros' returned '0': PYTHONPATH=/home/mir/ros2_ws/build/ping_sonar_ros/prefix_override:/usr/lib/python3/dist-packages/colcon_core/task/python/colcon_distutils_commands:/home/mir/ros2_ws/install/ping_sonar_ros/lib/python3.10/site-packages:${PYTHONPATH} /usr/bin/python3 -W ignore:setup.py install is deprecated setup.py develop --editable --build-directory /home/mir/ros2_ws/build/ping_sonar_ros/build --no-deps symlink_data --force
