running develop
running egg_info
writing autonomous_rov.egg-info/PKG-INFO
writing dependency_links to autonomous_rov.egg-info/dependency_links.txt
writing entry points to autonomous_rov.egg-info/entry_points.txt
writing requirements to autonomous_rov.egg-info/requires.txt
writing top-level names to autonomous_rov.egg-info/top_level.txt
reading manifest file 'autonomous_rov.egg-info/SOURCES.txt'
writing manifest file 'autonomous_rov.egg-info/SOURCES.txt'
running build_ext
Creating /home/mir/ros2_ws/install/autonomous_rov/lib/python3.10/site-packages/autonomous-rov.egg-link (link to .)
Installing image_processing_tracker script to /home/mir/ros2_ws/install/autonomous_rov/lib/autonomous_rov
Installing listenerMIR script to /home/mir/ros2_ws/install/autonomous_rov/lib/autonomous_rov
Installing pinger_node script to /home/mir/ros2_ws/install/autonomous_rov/lib/autonomous_rov
Installing video script to /home/mir/ros2_ws/install/autonomous_rov/lib/autonomous_rov

Installed /home/mir/ros2_ws/build/autonomous_rov
running symlink_data
symbolically linking /home/mir/ros2_ws/build/autonomous_rov/resource/autonomous_rov -> /home/mir/ros2_ws/install/autonomous_rov/share/ament_index/resource_index/packages
symbolically linking /home/mir/ros2_ws/build/autonomous_rov/package.xml -> /home/mir/ros2_ws/install/autonomous_rov/share/autonomous_rov
symbolically linking /home/mir/ros2_ws/build/autonomous_rov/launch/run_gamepad.launch -> /home/mir/ros2_ws/install/autonomous_rov/share/autonomous_rov/launch
symbolically linking /home/mir/ros2_ws/build/autonomous_rov/launch/run_listener_MIR.launch -> /home/mir/ros2_ws/install/autonomous_rov/share/autonomous_rov/launch
symbolically linking /home/mir/ros2_ws/build/autonomous_rov/launch/run_video.launch -> /home/mir/ros2_ws/install/autonomous_rov/share/autonomous_rov/launch
symbolically linking /home/mir/ros2_ws/build/autonomous_rov/launch/run_mavros.launch -> /home/mir/ros2_ws/install/autonomous_rov/share/autonomous_rov/launch
symbolically linking /home/mir/ros2_ws/build/autonomous_rov/config/xbox.config.yaml -> /home/mir/ros2_ws/install/autonomous_rov/share/autonomous_rov/config
symbolically linking /home/mir/ros2_ws/build/autonomous_rov/setup.py -> /home/mir/ros2_ws/install/autonomous_rov/share/autonomous_rov/lib
