[0.580s] Invoking command in '/home/vincent/ros2_ws/src/autonomous_rov': PYTHONPATH=/home/vincent/ros2_ws/src/autonomous_rov/build/autonomous_rov/prefix_override:/home/vincent/ros2_ws/src/autonomous_rov/install/autonomous_rov/lib/python3.10/site-packages:${PYTHONPATH} /usr/bin/python3 -W ignore:setup.py install is deprecated setup.py egg_info --egg-base build/autonomous_rov build --build-base /home/vincent/ros2_ws/src/autonomous_rov/build/autonomous_rov/build install --record /home/vincent/ros2_ws/src/autonomous_rov/build/autonomous_rov/install.log --single-version-externally-managed install_data
[0.784s] running egg_info
[0.784s] creating build/autonomous_rov/autonomous_rov.egg-info
[0.795s] writing build/autonomous_rov/autonomous_rov.egg-info/PKG-INFO
[0.795s] writing dependency_links to build/autonomous_rov/autonomous_rov.egg-info/dependency_links.txt
[0.795s] writing entry points to build/autonomous_rov/autonomous_rov.egg-info/entry_points.txt
[0.796s] writing requirements to build/autonomous_rov/autonomous_rov.egg-info/requires.txt
[0.796s] writing top-level names to build/autonomous_rov/autonomous_rov.egg-info/top_level.txt
[0.796s] writing manifest file 'build/autonomous_rov/autonomous_rov.egg-info/SOURCES.txt'
[0.818s] reading manifest file 'build/autonomous_rov/autonomous_rov.egg-info/SOURCES.txt'
[0.819s] writing manifest file 'build/autonomous_rov/autonomous_rov.egg-info/SOURCES.txt'
[0.819s] running build
[0.819s] running build_py
[0.819s] creating /home/vincent/ros2_ws/src/autonomous_rov/build/autonomous_rov/build
[0.819s] creating /home/vincent/ros2_ws/src/autonomous_rov/build/autonomous_rov/build/lib
[0.819s] creating /home/vincent/ros2_ws/src/autonomous_rov/build/autonomous_rov/build/lib/autonomous_rov
[0.819s] copying autonomous_rov/video.py -> /home/vincent/ros2_ws/src/autonomous_rov/build/autonomous_rov/build/lib/autonomous_rov
[0.819s] copying autonomous_rov/pinger_node_2.py -> /home/vincent/ros2_ws/src/autonomous_rov/build/autonomous_rov/build/lib/autonomous_rov
[0.819s] copying autonomous_rov/camera_parameters.py -> /home/vincent/ros2_ws/src/autonomous_rov/build/autonomous_rov/build/lib/autonomous_rov
[0.819s] copying autonomous_rov/image_processing_tracker.py -> /home/vincent/ros2_ws/src/autonomous_rov/build/autonomous_rov/build/lib/autonomous_rov
[0.819s] copying autonomous_rov/pinger_node.py -> /home/vincent/ros2_ws/src/autonomous_rov/build/autonomous_rov/build/lib/autonomous_rov
[0.819s] copying autonomous_rov/listenerMIR.py -> /home/vincent/ros2_ws/src/autonomous_rov/build/autonomous_rov/build/lib/autonomous_rov
[0.820s] copying autonomous_rov/__init__.py -> /home/vincent/ros2_ws/src/autonomous_rov/build/autonomous_rov/build/lib/autonomous_rov
[0.820s] running install
[0.824s] running install_lib
[0.836s] creating /home/vincent/ros2_ws/src/autonomous_rov/install/autonomous_rov/lib/python3.10/site-packages/autonomous_rov
[0.837s] copying /home/vincent/ros2_ws/src/autonomous_rov/build/autonomous_rov/build/lib/autonomous_rov/video.py -> /home/vincent/ros2_ws/src/autonomous_rov/install/autonomous_rov/lib/python3.10/site-packages/autonomous_rov
[0.837s] copying /home/vincent/ros2_ws/src/autonomous_rov/build/autonomous_rov/build/lib/autonomous_rov/pinger_node_2.py -> /home/vincent/ros2_ws/src/autonomous_rov/install/autonomous_rov/lib/python3.10/site-packages/autonomous_rov
[0.837s] copying /home/vincent/ros2_ws/src/autonomous_rov/build/autonomous_rov/build/lib/autonomous_rov/camera_parameters.py -> /home/vincent/ros2_ws/src/autonomous_rov/install/autonomous_rov/lib/python3.10/site-packages/autonomous_rov
[0.837s] copying /home/vincent/ros2_ws/src/autonomous_rov/build/autonomous_rov/build/lib/autonomous_rov/image_processing_tracker.py -> /home/vincent/ros2_ws/src/autonomous_rov/install/autonomous_rov/lib/python3.10/site-packages/autonomous_rov
[0.837s] copying /home/vincent/ros2_ws/src/autonomous_rov/build/autonomous_rov/build/lib/autonomous_rov/pinger_node.py -> /home/vincent/ros2_ws/src/autonomous_rov/install/autonomous_rov/lib/python3.10/site-packages/autonomous_rov
[0.837s] copying /home/vincent/ros2_ws/src/autonomous_rov/build/autonomous_rov/build/lib/autonomous_rov/listenerMIR.py -> /home/vincent/ros2_ws/src/autonomous_rov/install/autonomous_rov/lib/python3.10/site-packages/autonomous_rov
[0.837s] copying /home/vincent/ros2_ws/src/autonomous_rov/build/autonomous_rov/build/lib/autonomous_rov/__init__.py -> /home/vincent/ros2_ws/src/autonomous_rov/install/autonomous_rov/lib/python3.10/site-packages/autonomous_rov
[0.837s] byte-compiling /home/vincent/ros2_ws/src/autonomous_rov/install/autonomous_rov/lib/python3.10/site-packages/autonomous_rov/video.py to video.cpython-310.pyc
[0.838s] byte-compiling /home/vincent/ros2_ws/src/autonomous_rov/install/autonomous_rov/lib/python3.10/site-packages/autonomous_rov/pinger_node_2.py to pinger_node_2.cpython-310.pyc
[0.839s] byte-compiling /home/vincent/ros2_ws/src/autonomous_rov/install/autonomous_rov/lib/python3.10/site-packages/autonomous_rov/camera_parameters.py to camera_parameters.cpython-310.pyc
[0.839s] byte-compiling /home/vincent/ros2_ws/src/autonomous_rov/install/autonomous_rov/lib/python3.10/site-packages/autonomous_rov/image_processing_tracker.py to image_processing_tracker.cpython-310.pyc
[0.840s] byte-compiling /home/vincent/ros2_ws/src/autonomous_rov/install/autonomous_rov/lib/python3.10/site-packages/autonomous_rov/pinger_node.py to pinger_node.cpython-310.pyc
[0.840s] byte-compiling /home/vincent/ros2_ws/src/autonomous_rov/install/autonomous_rov/lib/python3.10/site-packages/autonomous_rov/listenerMIR.py to listenerMIR.cpython-310.pyc
[0.842s] byte-compiling /home/vincent/ros2_ws/src/autonomous_rov/install/autonomous_rov/lib/python3.10/site-packages/autonomous_rov/__init__.py to __init__.cpython-310.pyc
[0.842s] running install_data
[0.842s] creating /home/vincent/ros2_ws/src/autonomous_rov/install/autonomous_rov/share/ament_index
[0.843s] creating /home/vincent/ros2_ws/src/autonomous_rov/install/autonomous_rov/share/ament_index/resource_index
[0.843s] creating /home/vincent/ros2_ws/src/autonomous_rov/install/autonomous_rov/share/ament_index/resource_index/packages
[0.843s] copying resource/autonomous_rov -> /home/vincent/ros2_ws/src/autonomous_rov/install/autonomous_rov/share/ament_index/resource_index/packages
[0.843s] copying package.xml -> /home/vincent/ros2_ws/src/autonomous_rov/install/autonomous_rov/share/autonomous_rov
[0.843s] creating /home/vincent/ros2_ws/src/autonomous_rov/install/autonomous_rov/share/autonomous_rov/launch
[0.843s] copying launch/run_video.launch -> /home/vincent/ros2_ws/src/autonomous_rov/install/autonomous_rov/share/autonomous_rov/launch
[0.843s] copying launch/run_pinger.launch -> /home/vincent/ros2_ws/src/autonomous_rov/install/autonomous_rov/share/autonomous_rov/launch
[0.843s] copying launch/run_all_no_video_no_pinger.launch -> /home/vincent/ros2_ws/src/autonomous_rov/install/autonomous_rov/share/autonomous_rov/launch
[0.843s] creating /home/vincent/ros2_ws/src/autonomous_rov/install/autonomous_rov/share/autonomous_rov/config
[0.843s] copying config/xbox.config.yaml -> /home/vincent/ros2_ws/src/autonomous_rov/install/autonomous_rov/share/autonomous_rov/config
[0.843s] creating /home/vincent/ros2_ws/src/autonomous_rov/install/autonomous_rov/share/autonomous_rov/lib
[0.843s] copying setup.py -> /home/vincent/ros2_ws/src/autonomous_rov/install/autonomous_rov/share/autonomous_rov/lib
[0.843s] running install_egg_info
[0.855s] Copying build/autonomous_rov/autonomous_rov.egg-info to /home/vincent/ros2_ws/src/autonomous_rov/install/autonomous_rov/lib/python3.10/site-packages/autonomous_rov-0.0.0-py3.10.egg-info
[0.856s] running install_scripts
[0.956s] Installing image_processing_tracker script to /home/vincent/ros2_ws/src/autonomous_rov/install/autonomous_rov/lib/autonomous_rov
[0.956s] Installing listenerMIR script to /home/vincent/ros2_ws/src/autonomous_rov/install/autonomous_rov/lib/autonomous_rov
[0.956s] Installing pinger_node script to /home/vincent/ros2_ws/src/autonomous_rov/install/autonomous_rov/lib/autonomous_rov
[0.956s] Installing pinger_node_2 script to /home/vincent/ros2_ws/src/autonomous_rov/install/autonomous_rov/lib/autonomous_rov
[0.956s] Installing video script to /home/vincent/ros2_ws/src/autonomous_rov/install/autonomous_rov/lib/autonomous_rov
[0.956s] writing list of installed files to '/home/vincent/ros2_ws/src/autonomous_rov/build/autonomous_rov/install.log'
[0.978s] Invoked command in '/home/vincent/ros2_ws/src/autonomous_rov' returned '0': PYTHONPATH=/home/vincent/ros2_ws/src/autonomous_rov/build/autonomous_rov/prefix_override:/home/vincent/ros2_ws/src/autonomous_rov/install/autonomous_rov/lib/python3.10/site-packages:${PYTHONPATH} /usr/bin/python3 -W ignore:setup.py install is deprecated setup.py egg_info --egg-base build/autonomous_rov build --build-base /home/vincent/ros2_ws/src/autonomous_rov/build/autonomous_rov/build install --record /home/vincent/ros2_ws/src/autonomous_rov/build/autonomous_rov/install.log --single-version-externally-managed install_data
