[2.658s] Invoking command in '/home/mir/ros2_ws/src/ping_sonar_ros-master': PYTHONPATH=/home/mir/ros2_ws/build/ping_sonar_ros/prefix_override:/usr/lib/python3/dist-packages/colcon_core/task/python/colcon_distutils_commands:/home/mir/ros2_ws/install/ping_sonar_ros/lib/python3.10/site-packages:${PYTHONPATH} /usr/bin/python3 -W ignore:setup.py install is deprecated setup.py egg_info --egg-base ../../build/ping_sonar_ros build --build-base /home/mir/ros2_ws/build/ping_sonar_ros/build install --record /home/mir/ros2_ws/build/ping_sonar_ros/install.log --single-version-externally-managed install_data
[3.144s] running egg_info
[3.146s] writing ../../build/ping_sonar_ros/ping_sonar_ros.egg-info/PKG-INFO
[3.147s] writing dependency_links to ../../build/ping_sonar_ros/ping_sonar_ros.egg-info/dependency_links.txt
[3.147s] writing entry points to ../../build/ping_sonar_ros/ping_sonar_ros.egg-info/entry_points.txt
[3.149s] writing requirements to ../../build/ping_sonar_ros/ping_sonar_ros.egg-info/requires.txt
[3.149s] writing top-level names to ../../build/ping_sonar_ros/ping_sonar_ros.egg-info/top_level.txt
[3.152s] reading manifest file '../../build/ping_sonar_ros/ping_sonar_ros.egg-info/SOURCES.txt'
[3.152s] adding license file 'LICENSE'
[3.154s] writing manifest file '../../build/ping_sonar_ros/ping_sonar_ros.egg-info/SOURCES.txt'
[3.154s] running build
[3.154s] running build_py
[3.156s] running install
[3.157s] running install_lib
[3.160s] running install_data
[3.161s] running install_egg_info
[3.169s] removing '/home/mir/ros2_ws/install/ping_sonar_ros/lib/python3.10/site-packages/ping_sonar_ros-0.0.0-py3.10.egg-info' (and everything under it)
[3.169s] Copying ../../build/ping_sonar_ros/ping_sonar_ros.egg-info to /home/mir/ros2_ws/install/ping_sonar_ros/lib/python3.10/site-packages/ping_sonar_ros-0.0.0-py3.10.egg-info
[3.169s] running install_scripts
[3.214s] Installing ping1d_node script to /home/mir/ros2_ws/install/ping_sonar_ros/lib/ping_sonar_ros
[3.215s] Installing range_node script to /home/mir/ros2_ws/install/ping_sonar_ros/lib/ping_sonar_ros
[3.216s] writing list of installed files to '/home/mir/ros2_ws/build/ping_sonar_ros/install.log'
[3.277s] Invoked command in '/home/mir/ros2_ws/src/ping_sonar_ros-master' returned '0': PYTHONPATH=/home/mir/ros2_ws/build/ping_sonar_ros/prefix_override:/usr/lib/python3/dist-packages/colcon_core/task/python/colcon_distutils_commands:/home/mir/ros2_ws/install/ping_sonar_ros/lib/python3.10/site-packages:${PYTHONPATH} /usr/bin/python3 -W ignore:setup.py install is deprecated setup.py egg_info --egg-base ../../build/ping_sonar_ros build --build-base /home/mir/ros2_ws/build/ping_sonar_ros/build install --record /home/mir/ros2_ws/build/ping_sonar_ros/install.log --single-version-externally-managed install_data
