[0.833s] Invoking command in '/home/mir/ros2_ws/src/ping_sonar_ros-master': PYTHONPATH=/home/mir/ros2_ws/build/ping_sonar_ros/prefix_override:/usr/lib/python3/dist-packages/colcon_core/task/python/colcon_distutils_commands:/home/mir/ros2_ws/install/ping_sonar_ros/lib/python3.10/site-packages:${PYTHONPATH} /usr/bin/python3 -W ignore:setup.py install is deprecated setup.py egg_info --egg-base ../../build/ping_sonar_ros build --build-base /home/mir/ros2_ws/build/ping_sonar_ros/build install --record /home/mir/ros2_ws/build/ping_sonar_ros/install.log --single-version-externally-managed install_data
[1.096s] running egg_info
[1.098s] writing ../../build/ping_sonar_ros/ping_sonar_ros.egg-info/PKG-INFO
[1.098s] writing dependency_links to ../../build/ping_sonar_ros/ping_sonar_ros.egg-info/dependency_links.txt
[1.098s] writing entry points to ../../build/ping_sonar_ros/ping_sonar_ros.egg-info/entry_points.txt
[1.098s] writing requirements to ../../build/ping_sonar_ros/ping_sonar_ros.egg-info/requires.txt
[1.099s] writing top-level names to ../../build/ping_sonar_ros/ping_sonar_ros.egg-info/top_level.txt
[1.101s] reading manifest file '../../build/ping_sonar_ros/ping_sonar_ros.egg-info/SOURCES.txt'
[1.101s] adding license file 'LICENSE'
[1.102s] writing manifest file '../../build/ping_sonar_ros/ping_sonar_ros.egg-info/SOURCES.txt'
[1.102s] running build
[1.102s] running build_py
[1.103s] running install
[1.103s] running install_lib
[1.106s] running install_data
[1.106s] running install_egg_info
[1.108s] removing '/home/mir/ros2_ws/install/ping_sonar_ros/lib/python3.10/site-packages/ping_sonar_ros-0.0.0-py3.10.egg-info' (and everything under it)
[1.109s] Copying ../../build/ping_sonar_ros/ping_sonar_ros.egg-info to /home/mir/ros2_ws/install/ping_sonar_ros/lib/python3.10/site-packages/ping_sonar_ros-0.0.0-py3.10.egg-info
[1.109s] running install_scripts
[1.141s] Installing ping1d_node script to /home/mir/ros2_ws/install/ping_sonar_ros/lib/ping_sonar_ros
[1.141s] Installing range_node script to /home/mir/ros2_ws/install/ping_sonar_ros/lib/ping_sonar_ros
[1.141s] writing list of installed files to '/home/mir/ros2_ws/build/ping_sonar_ros/install.log'
[1.181s] Invoked command in '/home/mir/ros2_ws/src/ping_sonar_ros-master' returned '0': PYTHONPATH=/home/mir/ros2_ws/build/ping_sonar_ros/prefix_override:/usr/lib/python3/dist-packages/colcon_core/task/python/colcon_distutils_commands:/home/mir/ros2_ws/install/ping_sonar_ros/lib/python3.10/site-packages:${PYTHONPATH} /usr/bin/python3 -W ignore:setup.py install is deprecated setup.py egg_info --egg-base ../../build/ping_sonar_ros build --build-base /home/mir/ros2_ws/build/ping_sonar_ros/build install --record /home/mir/ros2_ws/build/ping_sonar_ros/install.log --single-version-externally-managed install_data
