[0.629s] Invoking command in '/home/sysmer/ros2_ws/src/ping_sonar_ros-master': PYTHONPATH=/home/sysmer/ros2_ws/build/ping_sonar_ros/prefix_override:/usr/lib/python3/dist-packages/colcon_core/task/python/colcon_distutils_commands:/home/sysmer/ros2_ws/install/ping_sonar_ros/lib/python3.10/site-packages:${PYTHONPATH} /usr/bin/python3 -W ignore:setup.py install is deprecated setup.py egg_info --egg-base ../../build/ping_sonar_ros build --build-base /home/sysmer/ros2_ws/build/ping_sonar_ros/build install --record /home/sysmer/ros2_ws/build/ping_sonar_ros/install.log --single-version-externally-managed install_data
[0.817s] running egg_info
[0.817s] writing ../../build/ping_sonar_ros/ping_sonar_ros.egg-info/PKG-INFO
[0.818s] writing dependency_links to ../../build/ping_sonar_ros/ping_sonar_ros.egg-info/dependency_links.txt
[0.818s] writing entry points to ../../build/ping_sonar_ros/ping_sonar_ros.egg-info/entry_points.txt
[0.818s] writing requirements to ../../build/ping_sonar_ros/ping_sonar_ros.egg-info/requires.txt
[0.818s] writing top-level names to ../../build/ping_sonar_ros/ping_sonar_ros.egg-info/top_level.txt
[0.820s] reading manifest file '../../build/ping_sonar_ros/ping_sonar_ros.egg-info/SOURCES.txt'
[0.820s] adding license file 'LICENSE'
[0.821s] writing manifest file '../../build/ping_sonar_ros/ping_sonar_ros.egg-info/SOURCES.txt'
[0.821s] running build
[0.822s] running build_py
[0.822s] running install
[0.823s] running install_lib
[0.825s] running install_data
[0.826s] running install_egg_info
[0.829s] removing '/home/sysmer/ros2_ws/install/ping_sonar_ros/lib/python3.10/site-packages/ping_sonar_ros-0.0.0-py3.10.egg-info' (and everything under it)
[0.829s] Copying ../../build/ping_sonar_ros/ping_sonar_ros.egg-info to /home/sysmer/ros2_ws/install/ping_sonar_ros/lib/python3.10/site-packages/ping_sonar_ros-0.0.0-py3.10.egg-info
[0.831s] running install_scripts
[0.851s] Installing ping1d_node script to /home/sysmer/ros2_ws/install/ping_sonar_ros/lib/ping_sonar_ros
[0.852s] Installing range_node script to /home/sysmer/ros2_ws/install/ping_sonar_ros/lib/ping_sonar_ros
[0.852s] writing list of installed files to '/home/sysmer/ros2_ws/build/ping_sonar_ros/install.log'
[0.882s] Invoked command in '/home/sysmer/ros2_ws/src/ping_sonar_ros-master' returned '0': PYTHONPATH=/home/sysmer/ros2_ws/build/ping_sonar_ros/prefix_override:/usr/lib/python3/dist-packages/colcon_core/task/python/colcon_distutils_commands:/home/sysmer/ros2_ws/install/ping_sonar_ros/lib/python3.10/site-packages:${PYTHONPATH} /usr/bin/python3 -W ignore:setup.py install is deprecated setup.py egg_info --egg-base ../../build/ping_sonar_ros build --build-base /home/sysmer/ros2_ws/build/ping_sonar_ros/build install --record /home/sysmer/ros2_ws/build/ping_sonar_ros/install.log --single-version-externally-managed install_data
