[0.776s] Invoking command in '/home/sysmer/ros2_ws/src/ping_sonar_ros-master': PYTHONPATH=/home/sysmer/ros2_ws/build/ping_sonar_ros/prefix_override:/usr/lib/python3/dist-packages/colcon_core/task/python/colcon_distutils_commands:/home/sysmer/ros2_ws/install/ping_sonar_ros/lib/python3.10/site-packages:${PYTHONPATH} /usr/bin/python3 -W ignore:setup.py install is deprecated setup.py egg_info --egg-base ../../build/ping_sonar_ros build --build-base /home/sysmer/ros2_ws/build/ping_sonar_ros/build install --record /home/sysmer/ros2_ws/build/ping_sonar_ros/install.log --single-version-externally-managed install_data
[0.993s] running egg_info
[0.993s] writing ../../build/ping_sonar_ros/ping_sonar_ros.egg-info/PKG-INFO
[0.995s] writing dependency_links to ../../build/ping_sonar_ros/ping_sonar_ros.egg-info/dependency_links.txt
[0.995s] writing entry points to ../../build/ping_sonar_ros/ping_sonar_ros.egg-info/entry_points.txt
[0.995s] writing requirements to ../../build/ping_sonar_ros/ping_sonar_ros.egg-info/requires.txt
[0.995s] writing top-level names to ../../build/ping_sonar_ros/ping_sonar_ros.egg-info/top_level.txt
[0.997s] reading manifest file '../../build/ping_sonar_ros/ping_sonar_ros.egg-info/SOURCES.txt'
[0.998s] adding license file 'LICENSE'
[0.999s] writing manifest file '../../build/ping_sonar_ros/ping_sonar_ros.egg-info/SOURCES.txt'
[0.999s] running build
[0.999s] running build_py
[1.000s] running install
[1.001s] running install_lib
[1.002s] running install_data
[1.003s] running install_egg_info
[1.004s] removing '/home/sysmer/ros2_ws/install/ping_sonar_ros/lib/python3.10/site-packages/ping_sonar_ros-0.0.0-py3.10.egg-info' (and everything under it)
[1.005s] Copying ../../build/ping_sonar_ros/ping_sonar_ros.egg-info to /home/sysmer/ros2_ws/install/ping_sonar_ros/lib/python3.10/site-packages/ping_sonar_ros-0.0.0-py3.10.egg-info
[1.005s] running install_scripts
[1.027s] Installing ping1d_node script to /home/sysmer/ros2_ws/install/ping_sonar_ros/lib/ping_sonar_ros
[1.027s] Installing range_node script to /home/sysmer/ros2_ws/install/ping_sonar_ros/lib/ping_sonar_ros
[1.027s] writing list of installed files to '/home/sysmer/ros2_ws/build/ping_sonar_ros/install.log'
[1.053s] Invoked command in '/home/sysmer/ros2_ws/src/ping_sonar_ros-master' returned '0': PYTHONPATH=/home/sysmer/ros2_ws/build/ping_sonar_ros/prefix_override:/usr/lib/python3/dist-packages/colcon_core/task/python/colcon_distutils_commands:/home/sysmer/ros2_ws/install/ping_sonar_ros/lib/python3.10/site-packages:${PYTHONPATH} /usr/bin/python3 -W ignore:setup.py install is deprecated setup.py egg_info --egg-base ../../build/ping_sonar_ros build --build-base /home/sysmer/ros2_ws/build/ping_sonar_ros/build install --record /home/sysmer/ros2_ws/build/ping_sonar_ros/install.log --single-version-externally-managed install_data
